0 silly argv {
0 silly argv   _: [ 'version' ],
0 silly argv   lernaVersion: '8.1.3',
0 silly argv   '$0': 'node_modules/lerna/dist/cli.js',
0 silly argv   bump: '1.1.0'
0 silly argv }
1 notice cli v8.1.3
2 verbose packageConfigs Explicit "packages" configuration found in lerna.json. Resolving packages using the configured glob(s): ["packages/*","components/**","!**/test/**"]
3 verbose rootPath /Users/mattstjean/Development/frontend-stuff/ontario-frontend
4 info versioning independent
5 silly isAnythingCommitted
6 verbose isAnythingCommitted 1
7 silly getCurrentBranch
8 verbose currentBranch develop
9 silly remoteBranchExists
10 silly isBehindUpstream
11 silly isBehindUpstream develop is behind origin/develop by 0 commit(s) and ahead by 0
12 silly hasTags
13 verbose hasTags true
14 silly git-describe.sync "@ongov/eslint-config-ontario-frontend@1.2.0-3-gfaa3a82" => {"lastTagName":"@ongov/eslint-config-ontario-frontend@1.2.0","lastVersion":"1.2.0","refCount":"3","sha":"faa3a82","isDirty":false}
15 info Looking for changed packages since @ongov/eslint-config-ontario-frontend@1.2.0
16 info ignoring diff in paths matching [ '**/__tests__/**', '**/*.md' ]
17 silly checking diff packages/eslint-config-ontario-frontend
18 silly found diff in packages/eslint-config-ontario-frontend/package.json
19 verbose filtered diff [ 'packages/eslint-config-ontario-frontend/package.json' ]
20 silly checking diff packages/ontario-frontend
21 silly found diff in packages/ontario-frontend/package.json
22 verbose filtered diff [ 'packages/ontario-frontend/package.json' ]
23 silly checking diff packages/ontario-frontend-cli
24 silly found diff in packages/ontario-frontend-cli/package.json
25 verbose filtered diff [ 'packages/ontario-frontend-cli/package.json' ]
26 silly checking diff packages/prettier-config-ontario-frontend
27 silly found diff in packages/prettier-config-ontario-frontend/package.json
28 verbose filtered diff [ 'packages/prettier-config-ontario-frontend/package.json' ]
29 verbose updated @ongov/eslint-config-ontario-frontend
30 verbose updated @ongov/ontario-frontend
31 verbose updated @ongov/ontario-frontend-cli
32 verbose updated @ongov/prettier-config-ontario-frontend
33 verbose git-describe undefined => "@ongov/eslint-config-ontario-frontend@1.2.0-3-gfaa3a82"
34 silly git-describe parsed => {"lastTagName":"@ongov/eslint-config-ontario-frontend@1.2.0","lastVersion":"1.2.0","refCount":"3","sha":"faa3a82","isDirty":false}
35 info execute Skipping releases
36 silly lifecycle No script for "preversion" in "@ongov/ontario-frontend-project", continuing
37 silly lifecycle No script for "preversion" in "@ongov/eslint-config-ontario-frontend", continuing
38 silly lifecycle No script for "preversion" in "@ongov/ontario-frontend", continuing
39 silly lifecycle No script for "preversion" in "@ongov/ontario-frontend-cli", continuing
40 silly lifecycle No script for "preversion" in "@ongov/prettier-config-ontario-frontend", continuing
41 verbose version @ongov/eslint-config-ontario-frontend has no lockfile. Skipping lockfile update.
42 verbose version @ongov/ontario-frontend has no lockfile. Skipping lockfile update.
43 verbose version @ongov/prettier-config-ontario-frontend has no lockfile. Skipping lockfile update.
44 verbose version @ongov/ontario-frontend-cli has no lockfile. Skipping lockfile update.
45 silly lifecycle No script for "version" in "@ongov/ontario-frontend-cli", continuing
46 silly independent for @ongov/ontario-frontend-cli at /Users/mattstjean/Development/frontend-stuff/ontario-frontend/packages/ontario-frontend-cli
47 verbose getChangelogConfig using preset "conventional-changelog-angular"
48 silly npa Result {
48 silly npa   type: 'tag',
48 silly npa   registry: true,
48 silly npa   where: undefined,
48 silly npa   raw: 'conventional-changelog-angular',
48 silly npa   name: 'conventional-changelog-angular',
48 silly npa   escapedName: 'conventional-changelog-angular',
48 silly npa   scope: undefined,
48 silly npa   rawSpec: '',
48 silly npa   saveSpec: null,
48 silly npa   fetchSpec: 'latest',
48 silly npa   gitRange: undefined,
48 silly npa   gitCommittish: undefined,
48 silly npa   hosted: undefined
48 silly npa }
49 verbose getChangelogConfig Attempting to resolve preset "conventional-changelog-angular"
50 info getChangelogConfig Successfully resolved preset "conventional-changelog-angular"
51 silly lifecycle No script for "version" in "@ongov/eslint-config-ontario-frontend", continuing
52 silly independent for @ongov/eslint-config-ontario-frontend at /Users/mattstjean/Development/frontend-stuff/ontario-frontend/packages/eslint-config-ontario-frontend
53 silly lifecycle No script for "version" in "@ongov/ontario-frontend", continuing
54 silly independent for @ongov/ontario-frontend at /Users/mattstjean/Development/frontend-stuff/ontario-frontend/packages/ontario-frontend
55 silly lifecycle No script for "version" in "@ongov/prettier-config-ontario-frontend", continuing
56 silly independent for @ongov/prettier-config-ontario-frontend at /Users/mattstjean/Development/frontend-stuff/ontario-frontend/packages/prettier-config-ontario-frontend
57 silly independent writing new entry: "# [1.1.0](https://github.com/ongov/ontario-frontend/compare/@ongov/prettier-config-ontario-frontend@1.2.0...@ongov/prettier-config-ontario-frontend@1.1.0) (2024-06-19)\n\n\n### Bug Fixes\n\n* package versions ([492d783](https://github.com/ongov/ontario-frontend/commit/492d783a7b5bad75a8430f3f7fcc27bad2902d28))\n\n\n\n"
58 silly independent writing new entry: "# [1.1.0](https://github.com/ongov/ontario-frontend/compare/@ongov/ontario-frontend-cli@1.3.0...@ongov/ontario-frontend-cli@1.1.0) (2024-06-19)\n\n\n### Bug Fixes\n\n* package versions ([492d783](https://github.com/ongov/ontario-frontend/commit/492d783a7b5bad75a8430f3f7fcc27bad2902d28))\n\n\n\n"
59 silly independent writing new entry: "# [1.1.0](https://github.com/ongov/ontario-frontend/compare/@ongov/eslint-config-ontario-frontend@1.2.0...@ongov/eslint-config-ontario-frontend@1.1.0) (2024-06-19)\n\n\n### Bug Fixes\n\n* package versions ([492d783](https://github.com/ongov/ontario-frontend/commit/492d783a7b5bad75a8430f3f7fcc27bad2902d28))\n\n\n\n"
60 verbose independent wrote /Users/mattstjean/Development/frontend-stuff/ontario-frontend/packages/ontario-frontend-cli/CHANGELOG.md
61 verbose independent wrote /Users/mattstjean/Development/frontend-stuff/ontario-frontend/packages/prettier-config-ontario-frontend/CHANGELOG.md
62 silly independent writing new entry: "# [1.1.0](https://github.com/ongov/ontario-frontend/compare/@ongov/ontario-frontend@1.2.0...@ongov/ontario-frontend@1.1.0) (2024-06-19)\n\n\n### Bug Fixes\n\n* package versions ([492d783](https://github.com/ongov/ontario-frontend/commit/492d783a7b5bad75a8430f3f7fcc27bad2902d28))\n\n\n\n"
63 verbose independent wrote /Users/mattstjean/Development/frontend-stuff/ontario-frontend/packages/eslint-config-ontario-frontend/CHANGELOG.md
64 verbose independent wrote /Users/mattstjean/Development/frontend-stuff/ontario-frontend/packages/ontario-frontend/CHANGELOG.md
65 silly lifecycle No script for "version" in "@ongov/ontario-frontend-project", continuing
66 verbose version Updating root pnpm-lock.yaml
67 silly gitAdd [
67 silly gitAdd   'packages/ontario-frontend-cli/package.json',
67 silly gitAdd   'packages/eslint-config-ontario-frontend/package.json',
67 silly gitAdd   'packages/ontario-frontend/package.json',
67 silly gitAdd   'packages/prettier-config-ontario-frontend/package.json',
67 silly gitAdd   'packages/ontario-frontend-cli/CHANGELOG.md',
67 silly gitAdd   'packages/prettier-config-ontario-frontend/CHANGELOG.md',
67 silly gitAdd   'packages/eslint-config-ontario-frontend/CHANGELOG.md',
67 silly gitAdd   'packages/ontario-frontend/CHANGELOG.md',
67 silly gitAdd   'pnpm-lock.yaml'
67 silly gitAdd ]
68 silly gitCommit chore: update version
68 silly gitCommit
68 silly gitCommit  - @ongov/eslint-config-ontario-frontend@1.1.0
68 silly gitCommit  - @ongov/ontario-frontend@1.1.0
68 silly gitCommit  - @ongov/ontario-frontend-cli@1.1.0
68 silly gitCommit  - @ongov/prettier-config-ontario-frontend@1.1.0
69 verbose git [
69 verbose git   'commit',
69 verbose git   '-F',
69 verbose git   '/private/var/folders/b7/mm0n17qs4754bcsw0bcf8pj80000gp/T/d97c76bc-70ae-44a8-8afd-ecd686116679/lerna-commit.txt'
69 verbose git ]
70 silly gitTag @ongov/eslint-config-ontario-frontend@1.1.0 git tag %s -m %s
71 verbose git [
71 verbose git   'tag',
71 verbose git   '@ongov/eslint-config-ontario-frontend@1.1.0',
71 verbose git   '-m',
71 verbose git   '@ongov/eslint-config-ontario-frontend@1.1.0'
71 verbose git ]
72 silly gitTag @ongov/ontario-frontend@1.1.0 git tag %s -m %s
73 verbose git [
73 verbose git   'tag',
73 verbose git   '@ongov/ontario-frontend@1.1.0',
73 verbose git   '-m',
73 verbose git   '@ongov/ontario-frontend@1.1.0'
73 verbose git ]
74 silly gitTag @ongov/ontario-frontend-cli@1.1.0 git tag %s -m %s
75 verbose git [
75 verbose git   'tag',
75 verbose git   '@ongov/ontario-frontend-cli@1.1.0',
75 verbose git   '-m',
75 verbose git   '@ongov/ontario-frontend-cli@1.1.0'
75 verbose git ]
76 silly gitTag @ongov/prettier-config-ontario-frontend@1.1.0 git tag %s -m %s
77 verbose git [
77 verbose git   'tag',
77 verbose git   '@ongov/prettier-config-ontario-frontend@1.1.0',
77 verbose git   '-m',
77 verbose git   '@ongov/prettier-config-ontario-frontend@1.1.0'
77 verbose git ]
78 error Error: Command failed with exit code 128: git tag @ongov/eslint-config-ontario-frontend@1.1.0 -m @ongov/eslint-config-ontario-frontend@1.1.0
78 error fatal: tag '@ongov/eslint-config-ontario-frontend@1.1.0' already exists
78 error     at makeError (/Users/mattstjean/Development/frontend-stuff/ontario-frontend/node_modules/.pnpm/execa@5.0.0/node_modules/execa/lib/error.js:59:11)
78 error     at handlePromise (/Users/mattstjean/Development/frontend-stuff/ontario-frontend/node_modules/.pnpm/execa@5.0.0/node_modules/execa/index.js:114:26)
78 error     at process.processTicksAndRejections (node:internal/process/task_queues:95:5)
78 error     at async Promise.all (index 0)
78 error     at async VersionCommand.gitCommitAndTagVersionForUpdates (/Users/mattstjean/Development/frontend-stuff/ontario-frontend/node_modules/.pnpm/lerna@8.1.3/node_modules/lerna/dist/index.js:8536:11)
78 error     at async VersionCommand.commitAndTagUpdates (/Users/mattstjean/Development/frontend-stuff/ontario-frontend/node_modules/.pnpm/lerna@8.1.3/node_modules/lerna/dist/index.js:8511:18)
78 error     at async Promise.all (index 0)
